{
  "RSpec": {
    "coverage": {
      "/Users/student/Documents/Makers/Ruby/oystercard/spec/oystercard_spec.rb": [
        1,
        null,
        1,
        1,
        1,
        null,
        null,
        1,
        1,
        1,
        null,
        null,
        1,
        1,
        2,
        null,
        null,
        null,
        1,
        6,
        null,
        1,
        1,
        null,
        null,
        1,
        4,
        null,
        null,
        1,
        1,
        4,
        null,
        null,
        1,
        1,
        1,
        null,
        null,
        1,
        1,
        1,
        1,
        null,
        null,
        null,
        1,
        1,
        2,
        null,
        null,
        1,
        1,
        4,
        null,
        null,
        null,
        1,
        2,
        null,
        1,
        1,
        1,
        1,
        null,
        null,
        1,
        4,
        null,
        null,
        null
      ],
      "/Users/student/Documents/Makers/Ruby/oystercard/lib/oystercard.rb": [
        1,
        1,
        1,
        1,
        1,
        null,
        1,
        12,
        12,
        12,
        null,
        null,
        1,
        3,
        null,
        2,
        null,
        null,
        1,
        7,
        null,
        null,
        1,
        6,
        null,
        5,
        5,
        null,
        null,
        1,
        4,
        4,
        4,
        null,
        null,
        1,
        null,
        1,
        4,
        null,
        null
      ]
    },
    "timestamp": 1557407750
  }
}
