{
  "RSpec": {
    "coverage": {
      "/Users/student/Documents/Makers/Ruby/oystercard/spec/oystercard_spec.rb": [
        1,
        null,
        1,
        1,
        1,
        null,
        null,
        1,
        1,
        1,
        null,
        null,
        1,
        1,
        2,
        null,
        null,
        null
      ],
      "/Users/student/Documents/Makers/Ruby/oystercard/lib/oystercard.rb": [
        1,
        1,
        1,
        1,
        null,
        1,
        3,
        null,
        null,
        1,
        2,
        1,
        null,
        null
      ]
    },
    "timestamp": 1557346185
  }
}
